{"C:\\GateSystemTest\\clases\\Car.ts": {"path":"C:\\GateSystemTest\\clases\\Car.ts","statementMap":{"0":{"start":{"line":4,"column":8},"end":{"line":4,"column":34}},"1":{"start":{"line":5,"column":9},"end":{"line":5,"column":31}},"2":{"start":{"line":8,"column":2},"end":{"line":8,"column":23}},"3":{"start":{"line":12,"column":2},"end":{"line":12,"column":24}},"4":{"start":{"line":16,"column":2},"end":{"line":16,"column":32}},"5":{"start":{"line":20,"column":2},"end":{"line":20,"column":48}},"6":{"start":{"line":21,"column":2},"end":{"line":21,"column":73}},"7":{"start":{"line":21,"column":33},"end":{"line":21,"column":71}},"8":{"start":{"line":25,"column":2},"end":{"line":25,"column":22}},"9":{"start":{"line":27,"column":2},"end":{"line":27,"column":87}},"10":{"start":{"line":29,"column":2},"end":{"line":29,"column":16}},"11":{"start":{"line":3,"column":0},"end":{"line":3,"column":21}}},"fnMap":{"0":{"name":"(anonymous_0)","decl":{"start":{"line":3,"column":0},"end":{"line":3,"column":21}},"loc":{"start":{"line":3,"column":0},"end":{"line":31,"column":1}}},"1":{"name":"(anonymous_1)","decl":{"start":{"line":7,"column":1},"end":{"line":7,"column":5}},"loc":{"start":{"line":7,"column":11},"end":{"line":9,"column":2}}},"2":{"name":"(anonymous_2)","decl":{"start":{"line":11,"column":1},"end":{"line":11,"column":5}},"loc":{"start":{"line":11,"column":26},"end":{"line":13,"column":2}}},"3":{"name":"(anonymous_3)","decl":{"start":{"line":15,"column":8},"end":{"line":15,"column":14}},"loc":{"start":{"line":15,"column":28},"end":{"line":17,"column":2}}},"4":{"name":"(anonymous_4)","decl":{"start":{"line":19,"column":8},"end":{"line":19,"column":14}},"loc":{"start":{"line":19,"column":14},"end":{"line":22,"column":2}}},"5":{"name":"(anonymous_5)","decl":{"start":{"line":21,"column":21},"end":{"line":21,"column":29}},"loc":{"start":{"line":21,"column":33},"end":{"line":21,"column":71}}},"6":{"name":"(anonymous_6)","decl":{"start":{"line":24,"column":8},"end":{"line":24,"column":19}},"loc":{"start":{"line":24,"column":34},"end":{"line":30,"column":2}}}},"branchMap":{},"s":{"0":3,"1":3,"2":1,"3":1,"4":1,"5":2,"6":2,"7":0,"8":1,"9":1,"10":1,"11":1},"f":{"0":3,"1":1,"2":1,"3":1,"4":2,"5":0,"6":1},"b":{}}
,"C:\\GateSystemTest\\clases\\Garage.ts": {"path":"C:\\GateSystemTest\\clases\\Garage.ts","statementMap":{"0":{"start":{"line":3,"column":0},"end":{"line":3,"column":34}},"1":{"start":{"line":4,"column":0},"end":{"line":4,"column":46}},"2":{"start":{"line":7,"column":9},"end":{"line":7,"column":37}},"3":{"start":{"line":10,"column":9},"end":{"line":10,"column":31}},"4":{"start":{"line":13,"column":2},"end":{"line":13,"column":17}},"5":{"start":{"line":14,"column":2},"end":{"line":14,"column":80}},"6":{"start":{"line":18,"column":18},"end":{"line":18,"column":74}},"7":{"start":{"line":20,"column":2},"end":{"line":20,"column":23}},"8":{"start":{"line":22,"column":2},"end":{"line":22,"column":38}},"9":{"start":{"line":24,"column":2},"end":{"line":27,"column":null}},"10":{"start":{"line":25,"column":3},"end":{"line":25,"column":42}},"11":{"start":{"line":26,"column":3},"end":{"line":26,"column":36}},"12":{"start":{"line":31,"column":2},"end":{"line":31,"column":19}},"13":{"start":{"line":35,"column":2},"end":{"line":35,"column":32}},"14":{"start":{"line":39,"column":2},"end":{"line":41,"column":null}},"15":{"start":{"line":40,"column":3},"end":{"line":40,"column":null}},"16":{"start":{"line":45,"column":2},"end":{"line":45,"column":35}},"17":{"start":{"line":6,"column":0},"end":{"line":6,"column":21}}},"fnMap":{"0":{"name":"(anonymous_0)","decl":{"start":{"line":12,"column":1},"end":{"line":12,"column":13}},"loc":{"start":{"line":12,"column":21},"end":{"line":15,"column":2}}},"1":{"name":"(anonymous_1)","decl":{"start":{"line":17,"column":8},"end":{"line":17,"column":22}},"loc":{"start":{"line":17,"column":37},"end":{"line":28,"column":2}}},"2":{"name":"(anonymous_2)","decl":{"start":{"line":30,"column":1},"end":{"line":30,"column":12}},"loc":{"start":{"line":30,"column":24},"end":{"line":32,"column":2}}},"3":{"name":"(anonymous_3)","decl":{"start":{"line":34,"column":8},"end":{"line":34,"column":14}},"loc":{"start":{"line":34,"column":28},"end":{"line":36,"column":2}}},"4":{"name":"(anonymous_4)","decl":{"start":{"line":38,"column":9},"end":{"line":38,"column":30}},"loc":{"start":{"line":38,"column":46},"end":{"line":42,"column":2}}},"5":{"name":"(anonymous_5)","decl":{"start":{"line":39,"column":25},"end":{"line":39,"column":26}},"loc":{"start":{"line":39,"column":38},"end":{"line":41,"column":3}}},"6":{"name":"(anonymous_6)","decl":{"start":{"line":44,"column":8},"end":{"line":44,"column":18}},"loc":{"start":{"line":44,"column":18},"end":{"line":46,"column":2}}}},"branchMap":{"0":{"loc":{"start":{"line":24,"column":2},"end":{"line":27,"column":null}},"type":"if","locations":[{"start":{"line":24,"column":2},"end":{"line":27,"column":null}}]}},"s":{"0":1,"1":1,"2":4,"3":4,"4":4,"5":4,"6":1,"7":1,"8":1,"9":1,"10":1,"11":1,"12":1,"13":1,"14":1,"15":0,"16":1,"17":1},"f":{"0":4,"1":1,"2":1,"3":1,"4":1,"5":0,"6":1},"b":{"0":[1]}}
,"C:\\GateSystemTest\\clases\\Gate.ts": {"path":"C:\\GateSystemTest\\clases\\Gate.ts","statementMap":{"0":{"start":{"line":4,"column":9},"end":{"line":4,"column":34}},"1":{"start":{"line":5,"column":9},"end":{"line":5,"column":28}},"2":{"start":{"line":6,"column":9},"end":{"line":6,"column":28}},"3":{"start":{"line":7,"column":9},"end":{"line":7,"column":31}},"4":{"start":{"line":8,"column":8},"end":{"line":8,"column":37}},"5":{"start":{"line":11,"column":2},"end":{"line":11,"column":20}},"6":{"start":{"line":15,"column":2},"end":{"line":15,"column":21}},"7":{"start":{"line":19,"column":2},"end":{"line":19,"column":23}},"8":{"start":{"line":23,"column":2},"end":{"line":23,"column":24}},"9":{"start":{"line":27,"column":2},"end":{"line":27,"column":20}},"10":{"start":{"line":31,"column":2},"end":{"line":31,"column":21}},"11":{"start":{"line":35,"column":2},"end":{"line":35,"column":23}},"12":{"start":{"line":39,"column":2},"end":{"line":39,"column":24}},"13":{"start":{"line":3,"column":0},"end":{"line":3,"column":21}}},"fnMap":{"0":{"name":"(anonymous_0)","decl":{"start":{"line":3,"column":0},"end":{"line":3,"column":21}},"loc":{"start":{"line":3,"column":0},"end":{"line":41,"column":1}}},"1":{"name":"(anonymous_1)","decl":{"start":{"line":10,"column":1},"end":{"line":10,"column":5}},"loc":{"start":{"line":10,"column":17},"end":{"line":12,"column":2}}},"2":{"name":"(anonymous_2)","decl":{"start":{"line":14,"column":1},"end":{"line":14,"column":5}},"loc":{"start":{"line":14,"column":31},"end":{"line":16,"column":2}}},"3":{"name":"(anonymous_3)","decl":{"start":{"line":18,"column":1},"end":{"line":18,"column":5}},"loc":{"start":{"line":18,"column":11},"end":{"line":20,"column":2}}},"4":{"name":"(anonymous_4)","decl":{"start":{"line":22,"column":1},"end":{"line":22,"column":5}},"loc":{"start":{"line":22,"column":26},"end":{"line":24,"column":2}}},"5":{"name":"(anonymous_5)","decl":{"start":{"line":26,"column":1},"end":{"line":26,"column":5}},"loc":{"start":{"line":26,"column":15},"end":{"line":28,"column":2}}},"6":{"name":"(anonymous_6)","decl":{"start":{"line":30,"column":1},"end":{"line":30,"column":5}},"loc":{"start":{"line":30,"column":29},"end":{"line":32,"column":2}}},"7":{"name":"(anonymous_7)","decl":{"start":{"line":34,"column":1},"end":{"line":34,"column":5}},"loc":{"start":{"line":34,"column":15},"end":{"line":36,"column":2}}},"8":{"name":"(anonymous_8)","decl":{"start":{"line":38,"column":1},"end":{"line":38,"column":5}},"loc":{"start":{"line":38,"column":29},"end":{"line":40,"column":2}}}},"branchMap":{},"s":{"0":8,"1":8,"2":8,"3":8,"4":8,"5":2,"6":1,"7":2,"8":1,"9":2,"10":1,"11":2,"12":1,"13":2},"f":{"0":8,"1":2,"2":1,"3":2,"4":1,"5":2,"6":1,"7":2,"8":1},"b":{}}
,"C:\\GateSystemTest\\clases\\GateController.ts": {"path":"C:\\GateSystemTest\\clases\\GateController.ts","statementMap":{"0":{"start":{"line":4,"column":9},"end":{"line":4,"column":30}},"1":{"start":{"line":8,"column":2},"end":{"line":8,"column":19}},"2":{"start":{"line":9,"column":2},"end":{"line":9,"column":17}},"3":{"start":{"line":10,"column":2},"end":{"line":10,"column":29}},"4":{"start":{"line":14,"column":14},"end":{"line":14,"column":15}},"5":{"start":{"line":16,"column":2},"end":{"line":18,"column":null}},"6":{"start":{"line":17,"column":3},"end":{"line":17,"column":27}},"7":{"start":{"line":20,"column":2},"end":{"line":22,"column":null}},"8":{"start":{"line":21,"column":3},"end":{"line":21,"column":24}},"9":{"start":{"line":24,"column":2},"end":{"line":26,"column":null}},"10":{"start":{"line":25,"column":3},"end":{"line":25,"column":25}},"11":{"start":{"line":30,"column":2},"end":{"line":30,"column":31}},"12":{"start":{"line":32,"column":2},"end":{"line":40,"column":null}},"13":{"start":{"line":32,"column":15},"end":{"line":32,"column":37}},"14":{"start":{"line":33,"column":3},"end":{"line":39,"column":22}},"15":{"start":{"line":34,"column":4},"end":{"line":34,"column":70}},"16":{"start":{"line":36,"column":4},"end":{"line":38,"column":null}},"17":{"start":{"line":37,"column":5},"end":{"line":37,"column":22}},"18":{"start":{"line":42,"column":2},"end":{"line":42,"column":16}},"19":{"start":{"line":46,"column":2},"end":{"line":52,"column":null}},"20":{"start":{"line":46,"column":15},"end":{"line":46,"column":37}},"21":{"start":{"line":47,"column":3},"end":{"line":51,"column":null}},"22":{"start":{"line":48,"column":4},"end":{"line":50,"column":23}},"23":{"start":{"line":49,"column":5},"end":{"line":49,"column":71}},"24":{"start":{"line":54,"column":2},"end":{"line":54,"column":16}},"25":{"start":{"line":58,"column":2},"end":{"line":60,"column":null}},"26":{"start":{"line":58,"column":15},"end":{"line":58,"column":16}},"27":{"start":{"line":59,"column":3},"end":{"line":59,"column":34}},"28":{"start":{"line":62,"column":2},"end":{"line":62,"column":28}},"29":{"start":{"line":64,"column":18},"end":{"line":64,"column":29}},"30":{"start":{"line":66,"column":2},"end":{"line":66,"column":null}},"31":{"start":{"line":71,"column":18},"end":{"line":71,"column":40}},"32":{"start":{"line":73,"column":2},"end":{"line":73,"column":19}},"33":{"start":{"line":75,"column":2},"end":{"line":80,"column":34}},"34":{"start":{"line":76,"column":3},"end":{"line":76,"column":33}},"35":{"start":{"line":78,"column":3},"end":{"line":78,"column":27}},"36":{"start":{"line":79,"column":3},"end":{"line":79,"column":21}},"37":{"start":{"line":82,"column":2},"end":{"line":82,"column":38}},"38":{"start":{"line":86,"column":2},"end":{"line":86,"column":39}},"39":{"start":{"line":90,"column":2},"end":{"line":94,"column":null}},"40":{"start":{"line":90,"column":15},"end":{"line":90,"column":35}},"41":{"start":{"line":90,"column":41},"end":{"line":90,"column":45}},"42":{"start":{"line":91,"column":3},"end":{"line":93,"column":17}},"43":{"start":{"line":92,"column":4},"end":{"line":92,"column":50}},"44":{"start":{"line":98,"column":2},"end":{"line":100,"column":null}},"45":{"start":{"line":99,"column":3},"end":{"line":99,"column":null}},"46":{"start":{"line":1,"column":0},"end":{"line":1,"column":21}}},"fnMap":{"0":{"name":"(anonymous_0)","decl":{"start":{"line":7,"column":1},"end":{"line":7,"column":13}},"loc":{"start":{"line":7,"column":50},"end":{"line":11,"column":2}}},"1":{"name":"(anonymous_1)","decl":{"start":{"line":13,"column":8},"end":{"line":13,"column":18}},"loc":{"start":{"line":13,"column":18},"end":{"line":27,"column":2}}},"2":{"name":"(anonymous_2)","decl":{"start":{"line":29,"column":9},"end":{"line":29,"column":17}},"loc":{"start":{"line":29,"column":31},"end":{"line":43,"column":2}}},"3":{"name":"(anonymous_3)","decl":{"start":{"line":33,"column":33},"end":{"line":33,"column":36}},"loc":{"start":{"line":33,"column":38},"end":{"line":39,"column":4}}},"4":{"name":"(anonymous_4)","decl":{"start":{"line":45,"column":9},"end":{"line":45,"column":18}},"loc":{"start":{"line":45,"column":32},"end":{"line":55,"column":2}}},"5":{"name":"(anonymous_5)","decl":{"start":{"line":48,"column":34},"end":{"line":48,"column":37}},"loc":{"start":{"line":48,"column":39},"end":{"line":50,"column":5}}},"6":{"name":"(anonymous_6)","decl":{"start":{"line":57,"column":9},"end":{"line":57,"column":25}},"loc":{"start":{"line":57,"column":25},"end":{"line":67,"column":2}}},"7":{"name":"(anonymous_7)","decl":{"start":{"line":69,"column":9},"end":{"line":69,"column":18}},"loc":{"start":{"line":69,"column":18},"end":{"line":83,"column":2}}},"8":{"name":"(anonymous_8)","decl":{"start":{"line":75,"column":13},"end":{"line":75,"column":16}},"loc":{"start":{"line":75,"column":18},"end":{"line":80,"column":3}}},"9":{"name":"(anonymous_9)","decl":{"start":{"line":85,"column":9},"end":{"line":85,"column":15}},"loc":{"start":{"line":85,"column":15},"end":{"line":87,"column":2}}},"10":{"name":"(anonymous_10)","decl":{"start":{"line":89,"column":9},"end":{"line":89,"column":18}},"loc":{"start":{"line":89,"column":18},"end":{"line":95,"column":2}}},"11":{"name":"(anonymous_11)","decl":{"start":{"line":91,"column":14},"end":{"line":91,"column":17}},"loc":{"start":{"line":91,"column":19},"end":{"line":93,"column":4}}},"12":{"name":"(anonymous_12)","decl":{"start":{"line":97,"column":9},"end":{"line":97,"column":30}},"loc":{"start":{"line":97,"column":46},"end":{"line":101,"column":2}}},"13":{"name":"(anonymous_13)","decl":{"start":{"line":98,"column":25},"end":{"line":98,"column":26}},"loc":{"start":{"line":98,"column":38},"end":{"line":100,"column":3}}}},"branchMap":{"0":{"loc":{"start":{"line":16,"column":2},"end":{"line":18,"column":null}},"type":"if","locations":[{"start":{"line":16,"column":2},"end":{"line":18,"column":null}}]},"1":{"loc":{"start":{"line":20,"column":2},"end":{"line":22,"column":null}},"type":"if","locations":[{"start":{"line":20,"column":2},"end":{"line":22,"column":null}}]},"2":{"loc":{"start":{"line":20,"column":6},"end":{"line":20,"column":52}},"type":"binary-expr","locations":[{"start":{"line":20,"column":6},"end":{"line":20,"column":32}},{"start":{"line":20,"column":36},"end":{"line":20,"column":52}}]},"3":{"loc":{"start":{"line":24,"column":2},"end":{"line":26,"column":null}},"type":"if","locations":[{"start":{"line":24,"column":2},"end":{"line":26,"column":null}}]},"4":{"loc":{"start":{"line":24,"column":6},"end":{"line":24,"column":53}},"type":"binary-expr","locations":[{"start":{"line":24,"column":6},"end":{"line":24,"column":32}},{"start":{"line":24,"column":36},"end":{"line":24,"column":53}}]},"5":{"loc":{"start":{"line":36,"column":4},"end":{"line":38,"column":null}},"type":"if","locations":[{"start":{"line":36,"column":4},"end":{"line":38,"column":null}}]},"6":{"loc":{"start":{"line":47,"column":3},"end":{"line":51,"column":null}},"type":"if","locations":[{"start":{"line":47,"column":3},"end":{"line":51,"column":null}}]}},"s":{"0":6,"1":6,"2":6,"3":6,"4":3,"5":3,"6":0,"7":3,"8":0,"9":3,"10":3,"11":0,"12":0,"13":0,"14":0,"15":0,"16":0,"17":0,"18":0,"19":3,"20":3,"21":0,"22":0,"23":0,"24":3,"25":1,"26":1,"27":0,"28":1,"29":1,"30":1,"31":0,"32":0,"33":0,"34":0,"35":0,"36":0,"37":0,"38":3,"39":0,"40":0,"41":0,"42":0,"43":0,"44":1,"45":0,"46":2},"f":{"0":6,"1":3,"2":0,"3":0,"4":3,"5":0,"6":1,"7":0,"8":0,"9":3,"10":0,"11":0,"12":1,"13":0},"b":{"0":[0],"1":[0],"2":[3,3],"3":[3],"4":[3,3],"5":[0],"6":[0]}}
,"C:\\GateSystemTest\\clases\\RemoteControl.ts": {"path":"C:\\GateSystemTest\\clases\\RemoteControl.ts","statementMap":{"0":{"start":{"line":6,"column":2},"end":{"line":6,"column":23}},"1":{"start":{"line":7,"column":2},"end":{"line":7,"column":47}},"2":{"start":{"line":11,"column":2},"end":{"line":11,"column":39}},"3":{"start":{"line":15,"column":2},"end":{"line":15,"column":39}},"4":{"start":{"line":17,"column":2},"end":{"line":17,"column":41}},"5":{"start":{"line":1,"column":0},"end":{"line":1,"column":21}}},"fnMap":{"0":{"name":"(anonymous_0)","decl":{"start":{"line":5,"column":1},"end":{"line":5,"column":13}},"loc":{"start":{"line":5,"column":24},"end":{"line":8,"column":2}}},"1":{"name":"(anonymous_1)","decl":{"start":{"line":10,"column":8},"end":{"line":10,"column":16}},"loc":{"start":{"line":10,"column":30},"end":{"line":12,"column":2}}},"2":{"name":"(anonymous_2)","decl":{"start":{"line":14,"column":8},"end":{"line":14,"column":23}},"loc":{"start":{"line":14,"column":37},"end":{"line":18,"column":2}}}},"branchMap":{},"s":{"0":3,"1":3,"2":1,"3":1,"4":1,"5":1},"f":{"0":3,"1":1,"2":1},"b":{}}
,"C:\\GateSystemTest\\clases\\User.ts": {"path":"C:\\GateSystemTest\\clases\\User.ts","statementMap":{"0":{"start":{"line":4,"column":2},"end":{"line":4,"column":19}},"1":{"start":{"line":1,"column":0},"end":{"line":1,"column":21}}},"fnMap":{"0":{"name":"(anonymous_0)","decl":{"start":{"line":3,"column":1},"end":{"line":3,"column":13}},"loc":{"start":{"line":3,"column":25},"end":{"line":5,"column":2}}},"1":{"name":"(anonymous_1)","decl":{"start":{"line":7,"column":8},"end":{"line":7,"column":20}},"loc":{"start":{"line":7,"column":36},"end":{"line":9,"column":2}}}},"branchMap":{},"s":{"0":1,"1":1},"f":{"0":1,"1":1},"b":{}}
}
