TN:
SF:clases\Car.ts
FN:3,(anonymous_0)
FN:7,(anonymous_1)
FN:11,(anonymous_2)
FN:15,(anonymous_3)
FN:19,(anonymous_4)
FN:21,(anonymous_5)
FN:24,(anonymous_6)
FNF:7
FNH:6
FNDA:3,(anonymous_0)
FNDA:1,(anonymous_1)
FNDA:1,(anonymous_2)
FNDA:1,(anonymous_3)
FNDA:2,(anonymous_4)
FNDA:0,(anonymous_5)
FNDA:1,(anonymous_6)
DA:3,1
DA:4,3
DA:5,3
DA:8,1
DA:12,1
DA:16,1
DA:20,2
DA:21,2
DA:25,1
DA:27,1
DA:29,1
LF:11
LH:11
BRF:0
BRH:0
end_of_record
TN:
SF:clases\Garage.ts
FN:12,(anonymous_0)
FN:17,(anonymous_1)
FN:30,(anonymous_2)
FN:34,(anonymous_3)
FN:38,(anonymous_4)
FN:39,(anonymous_5)
FN:44,(anonymous_6)
FNF:7
FNH:6
FNDA:4,(anonymous_0)
FNDA:1,(anonymous_1)
FNDA:1,(anonymous_2)
FNDA:1,(anonymous_3)
FNDA:1,(anonymous_4)
FNDA:0,(anonymous_5)
FNDA:1,(anonymous_6)
DA:3,1
DA:4,1
DA:6,1
DA:7,4
DA:10,4
DA:13,4
DA:14,4
DA:18,1
DA:20,1
DA:22,1
DA:24,1
DA:25,1
DA:26,1
DA:31,1
DA:35,1
DA:39,1
DA:40,0
DA:45,1
LF:18
LH:17
BRDA:24,0,0,1
BRF:1
BRH:1
end_of_record
TN:
SF:clases\Gate.ts
FN:3,(anonymous_0)
FN:10,(anonymous_1)
FN:14,(anonymous_2)
FN:18,(anonymous_3)
FN:22,(anonymous_4)
FN:26,(anonymous_5)
FN:30,(anonymous_6)
FN:34,(anonymous_7)
FN:38,(anonymous_8)
FNF:9
FNH:9
FNDA:8,(anonymous_0)
FNDA:2,(anonymous_1)
FNDA:1,(anonymous_2)
FNDA:2,(anonymous_3)
FNDA:1,(anonymous_4)
FNDA:2,(anonymous_5)
FNDA:1,(anonymous_6)
FNDA:2,(anonymous_7)
FNDA:1,(anonymous_8)
DA:3,2
DA:4,8
DA:5,8
DA:6,8
DA:7,8
DA:8,8
DA:11,2
DA:15,1
DA:19,2
DA:23,1
DA:27,2
DA:31,1
DA:35,2
DA:39,1
LF:14
LH:14
BRF:0
BRH:0
end_of_record
TN:
SF:clases\GateController.ts
FN:7,(anonymous_0)
FN:13,(anonymous_1)
FN:29,(anonymous_2)
FN:33,(anonymous_3)
FN:45,(anonymous_4)
FN:48,(anonymous_5)
FN:57,(anonymous_6)
FN:69,(anonymous_7)
FN:75,(anonymous_8)
FN:85,(anonymous_9)
FN:89,(anonymous_10)
FN:91,(anonymous_11)
FN:97,(anonymous_12)
FN:98,(anonymous_13)
FNF:14
FNH:6
FNDA:6,(anonymous_0)
FNDA:3,(anonymous_1)
FNDA:0,(anonymous_2)
FNDA:0,(anonymous_3)
FNDA:3,(anonymous_4)
FNDA:0,(anonymous_5)
FNDA:1,(anonymous_6)
FNDA:0,(anonymous_7)
FNDA:0,(anonymous_8)
FNDA:3,(anonymous_9)
FNDA:0,(anonymous_10)
FNDA:0,(anonymous_11)
FNDA:1,(anonymous_12)
FNDA:0,(anonymous_13)
DA:1,2
DA:4,6
DA:8,6
DA:9,6
DA:10,6
DA:14,3
DA:16,3
DA:17,0
DA:20,3
DA:21,0
DA:24,3
DA:25,3
DA:30,0
DA:32,0
DA:33,0
DA:34,0
DA:36,0
DA:37,0
DA:42,0
DA:46,3
DA:47,0
DA:48,0
DA:49,0
DA:54,3
DA:58,1
DA:59,0
DA:62,1
DA:64,1
DA:66,1
DA:71,0
DA:73,0
DA:75,0
DA:76,0
DA:78,0
DA:79,0
DA:82,0
DA:86,3
DA:90,0
DA:91,0
DA:92,0
DA:98,1
DA:99,0
LF:42
LH:18
BRDA:16,0,0,0
BRDA:20,1,0,0
BRDA:20,2,0,3
BRDA:20,2,1,3
BRDA:24,3,0,3
BRDA:24,4,0,3
BRDA:24,4,1,3
BRDA:36,5,0,0
BRDA:47,6,0,0
BRF:9
BRH:5
end_of_record
TN:
SF:clases\RemoteControl.ts
FN:5,(anonymous_0)
FN:10,(anonymous_1)
FN:14,(anonymous_2)
FNF:3
FNH:3
FNDA:3,(anonymous_0)
FNDA:1,(anonymous_1)
FNDA:1,(anonymous_2)
DA:1,1
DA:6,3
DA:7,3
DA:11,1
DA:15,1
DA:17,1
LF:6
LH:6
BRF:0
BRH:0
end_of_record
TN:
SF:clases\User.ts
FN:3,(anonymous_0)
FN:7,(anonymous_1)
FNF:2
FNH:2
FNDA:1,(anonymous_0)
FNDA:1,(anonymous_1)
DA:1,1
DA:4,1
LF:2
LH:2
BRF:0
BRH:0
end_of_record
